rm -rf obj_dir/ dramsim2/results trace.vcd core 
verilator -Wall -Wno-LITENDIAN -Wno-lint -O3 --trace --no-skip-identical --cc top.sv \
  --top-module top --exe fake-os.cpp system.cpp main.cpp /shared/cse502/DRAMSim2/libdramsim.so \
-CFLAGS -I/shared/cse502 -CFLAGS -std=c++11 -CFLAGS -g3 \
-LDFLAGS -Wl,-rpath=/shared/cse502/DRAMSim2 \
-LDFLAGS -lncurses -LDFLAGS -lelf -LDFLAGS -lrt
make -j5 -C obj_dir/ -f Vtop.mk CXX="ccache g++"
make[1]: Entering directory '/home/jemaldonado/project/obj_dir'
ccache g++  -I.  -MMD -I/shared/share/verilator/include -I/shared/share/verilator/include/vltstd -DVL_PRINTF=printf -DVM_COVERAGE=0 -DVM_SC=0 -DVM_TRACE=1 -Wno-char-subscripts -Wno-sign-compare -Wno-uninitialized -Wno-unused-but-set-variable -Wno-unused-parameter -Wno-unused-variable     -I/shared/cse502 -g3 -std=c++11   -c -o fake-os.o ../fake-os.cpp
ccache g++  -I.  -MMD -I/shared/share/verilator/include -I/shared/share/verilator/include/vltstd -DVL_PRINTF=printf -DVM_COVERAGE=0 -DVM_SC=0 -DVM_TRACE=1 -Wno-char-subscripts -Wno-sign-compare -Wno-uninitialized -Wno-unused-but-set-variable -Wno-unused-parameter -Wno-unused-variable     -I/shared/cse502 -g3 -std=c++11   -c -o main.o ../main.cpp
ccache g++  -I.  -MMD -I/shared/share/verilator/include -I/shared/share/verilator/include/vltstd -DVL_PRINTF=printf -DVM_COVERAGE=0 -DVM_SC=0 -DVM_TRACE=1 -Wno-char-subscripts -Wno-sign-compare -Wno-uninitialized -Wno-unused-but-set-variable -Wno-unused-parameter -Wno-unused-variable     -I/shared/cse502 -g3 -std=c++11   -c -o system.o ../system.cpp
ccache g++  -I.  -MMD -I/shared/share/verilator/include -I/shared/share/verilator/include/vltstd -DVL_PRINTF=printf -DVM_COVERAGE=0 -DVM_SC=0 -DVM_TRACE=1 -Wno-char-subscripts -Wno-sign-compare -Wno-uninitialized -Wno-unused-but-set-variable -Wno-unused-parameter -Wno-unused-variable     -I/shared/cse502 -g3 -std=c++11   -c -o verilated.o /shared/share/verilator/include/verilated.cpp
ccache g++  -I.  -MMD -I/shared/share/verilator/include -I/shared/share/verilator/include/vltstd -DVL_PRINTF=printf -DVM_COVERAGE=0 -DVM_SC=0 -DVM_TRACE=1 -Wno-char-subscripts -Wno-sign-compare -Wno-uninitialized -Wno-unused-but-set-variable -Wno-unused-parameter -Wno-unused-variable     -I/shared/cse502 -g3 -std=c++11   -c -o verilated_dpi.o /shared/share/verilator/include/verilated_dpi.cpp
ccache g++  -I.  -MMD -I/shared/share/verilator/include -I/shared/share/verilator/include/vltstd -DVL_PRINTF=printf -DVM_COVERAGE=0 -DVM_SC=0 -DVM_TRACE=1 -Wno-char-subscripts -Wno-sign-compare -Wno-uninitialized -Wno-unused-but-set-variable -Wno-unused-parameter -Wno-unused-variable     -I/shared/cse502 -g3 -std=c++11   -c -o verilated_vcd_c.o /shared/share/verilator/include/verilated_vcd_c.cpp
/usr/bin/perl /shared/share/verilator/bin/verilator_includer -DVL_INCLUDE_OPT=include Vtop.cpp Vtop___024unit.cpp > Vtop__ALLcls.cpp
/usr/bin/perl /shared/share/verilator/bin/verilator_includer -DVL_INCLUDE_OPT=include Vtop__Dpi.cpp Vtop__Trace.cpp Vtop__Syms.cpp Vtop__Trace__Slow.cpp > Vtop__ALLsup.cpp
ccache g++  -I.  -MMD -I/shared/share/verilator/include -I/shared/share/verilator/include/vltstd -DVL_PRINTF=printf -DVM_COVERAGE=0 -DVM_SC=0 -DVM_TRACE=1 -Wno-char-subscripts -Wno-sign-compare -Wno-uninitialized -Wno-unused-but-set-variable -Wno-unused-parameter -Wno-unused-variable     -I/shared/cse502 -g3 -std=c++11   -c -o Vtop__ALLsup.o Vtop__ALLsup.cpp
ccache g++  -I.  -MMD -I/shared/share/verilator/include -I/shared/share/verilator/include/vltstd -DVL_PRINTF=printf -DVM_COVERAGE=0 -DVM_SC=0 -DVM_TRACE=1 -Wno-char-subscripts -Wno-sign-compare -Wno-uninitialized -Wno-unused-but-set-variable -Wno-unused-parameter -Wno-unused-variable     -I/shared/cse502 -g3 -std=c++11   -c -o Vtop__ALLcls.o Vtop__ALLcls.cpp
      Archiving Vtop__ALL.a ...
ar r Vtop__ALL.a Vtop__ALLcls.o Vtop__ALLsup.o
ranlib Vtop__ALL.a
g++    fake-os.o main.o system.o verilated.o verilated_dpi.o verilated_vcd_c.o Vtop__ALL.a   -Wl,-rpath=/shared/cse502/DRAMSim2 -lelf -lncurses -lrt /shared/cse502/DRAMSim2/libdramsim.so  -o Vtop -lm -lstdc++  2>&1 | c++filt
make[1]: Leaving directory '/home/jemaldonado/project/obj_dir'
cd obj_dir/ && env HAVETLB=n ./Vtop /shared/cse502/tests/project/prog1
Loading ELF header #0. offset: 0 filesize: 534803 memsize: 534803 vaddr: 10000 paddr: 10000 align: 4096
Loading ELF header #1. offset: 536400 filesize: 7168 memsize: 13088 vaddr: 93f50 paddr: 93f50 align: 4096
Setting errno_addr to 0x7fde542abf70 (TLS at 93f50+0x20)
Enabling waves...
Initializing top, entry point = 0x0000000000010358
	JAL()	  116 - 0000000000010358 - 000000000001038c
	Return	  218 - 0000000000010394 - 000000000001035c
	Jump
	JAL()	 1169 - 00000000000104f4 - 00000000000296ac
	Return	 3658 - 00000000000298c0 - 00000000000104f8
	Jump
	JAL()	 4187 - 0000000000010668 - 000000000002a490
	JAL()	 4382 - 000000000002a4a4 - 000000000004bc88
	Return	 4497 - 000000000004bc94 - 000000000002a4a8
	Return	 5227 - 000000000002a538 - 000000000001066c
	JAL()	 5364 - 000000000001050c - 0000000000010ad4
	Jump
	Jump
	JAL()	 6918 - 0000000000010938 - 0000000000027d18
	JAL()	 7214 - 0000000000027d44 - 000000000004bf14
	Return	 7416 - 000000000004bf2c - 0000000000027d48
	JAL()	 7640 - 0000000000027d90 - 000000000004bf14
	Return	 7673 - 000000000004bf2c - 0000000000027d94
	Return	 7713 - 0000000000027db0 - 000000000001093c
	JAL()	 8228 - 0000000000010984 - 0000000000026244
	Return	 9096 - 00000000000262b0 - 0000000000010988
	Return	10117 - 0000000000010a48 - 0000000000010510
	JAL()	11240 - 00000000000105e8 - 000000000002a5d8
	JAL()	11732 - 000000000002a628 - 000000000002a430
	JAL()	12018 - 000000000002a44c - 000000000004bca4
	Return	12212 - 000000000004bcac - 000000000002a450
	JAL()	12222 - 000000000002a454 - 000000000004bc98
	Return	12432 - 000000000004bca0 - 000000000002a458
	JAL()	12528 - 000000000002a478 - 000000000004bcbc
	Return	12648 - 000000000004bcc4 - 000000000002a47c
	JAL()	12830 - 000000000002a480 - 000000000004bcb0
	Return	12948 - 000000000004bcb8 - 000000000002a484
	Jump
	Return	13076 - 000000000002a474 - 000000000002a62c
	JAL()	13085 - 000000000002a62c - 0000000000029a7c
	JAL()	13406 - 0000000000029aa8 - 00000000000535e8
	Jump
	Jump
	Jump
	JAL()	14716 - 0000000000053748 - 0000000000022f40
	JALR	14999 - 00000000000230d4 - 00000000000240d0
	Jump
	JAL()	15610 - 000000000002301c - 000000000001eaf0
	Jump
	Return	16617 - 000000000001ec00 - 0000000000023020
	JAL()	16638 - 0000000000023030 - 000000000001f464
	JAL()	17710 - 000000000001f758 - 000000000001e790
	JAL()	18317 - 000000000001e874 - 0000000000027e2c
	Return	18516 - 0000000000027e38 - 000000000001e878
	JAL()	18564 - 000000000001e8d8 - 0000000000027e40
	Return	18592 - 0000000000027e4c - 000000000001e8dc
	Jump
	JAL()	18613 - 000000000001e8b4 - 0000000000027e40
	Return	18641 - 0000000000027e4c - 000000000001e8b8
	Jump
	JAL()	18857 - 000000000001e81c - 0000000000027e54
	Return	18885 - 0000000000027e60 - 000000000001e820
	Return	19034 - 000000000001e84c - 000000000001f75c
	JAL()	19239 - 000000000001f770 - 000000000001e448
	Return	24148 - 000000000001e48c - 000000000001f774
	Return	26181 - 000000000001f67c - 0000000000023034
	JAL()	26545 - 000000000002303c - 00000000000213f8
	Jump
	Jump
	Jump
	Return	30011 - 0000000000021b00 - 0000000000023040
	Return	30626 - 0000000000023018 - 000000000005374c
	JAL()	30970 - 000000000005376c - 0000000000026244
	Return	32074 - 0000000000026364 - 0000000000053770
	Jump
	Return	32344 - 0000000000053720 - 0000000000029aac
	JAL()	33091 - 0000000000029ad8 - 0000000000015f68
	JAL()	33384 - 0000000000015f90 - 0000000000024ecc
	Return	34279 - 0000000000024f44 - 0000000000015f94
	Return	34860 - 0000000000016094 - 0000000000029adc
	Jump
	JAL()	35266 - 0000000000029d6c - 0000000000015f68
	JAL()	35475 - 0000000000015f90 - 0000000000024ecc
	Return	36223 - 0000000000024f44 - 0000000000015f94
	Return	36539 - 0000000000016094 - 0000000000029d70
	JAL()	36548 - 0000000000029d70 - 000000000004eacc
	JAL()	36921 - 000000000004eb14 - 0000000000052090
	Jump
	Jump
	JAL()	38968 - 00000000000526d0 - 0000000000022f40
	JAL()	39907 - 0000000000022f98 - 00000000000213f8
	Jump
	Jump
	Jump
	Return	43310 - 0000000000021b00 - 0000000000022f9c
	Return	43756 - 0000000000023018 - 00000000000526d4
	JAL()	44069 - 00000000000526fc - 0000000000026244
	Return	44621 - 0000000000026364 - 0000000000052700
	Jump
	Return	45019 - 00000000000526bc - 000000000004eb18
	JAL()	45225 - 000000000004eb20 - 0000000000022f40
	JAL()	45613 - 0000000000022f98 - 00000000000213f8
	Jump
	Jump
	Jump
	Return	48405 - 0000000000021b00 - 0000000000022f9c
	Return	48652 - 0000000000023018 - 000000000004eb24
	JAL()	48996 - 000000000004eb50 - 0000000000022f40
	JAL()	49291 - 0000000000022f98 - 00000000000213f8
	Jump
	Return	51128 - 0000000000021b00 - 0000000000022f9c
	Return	51376 - 0000000000023018 - 000000000004eb54
	Return	52793 - 000000000004ec44 - 0000000000029d74
	JAL()	53380 - 0000000000029d8c - 0000000000015f68
	JAL()	53670 - 0000000000015f90 - 0000000000024ecc
	Return	54271 - 0000000000024f84 - 0000000000015f94
	Return	54858 - 0000000000016094 - 0000000000029d90
	Jump
	JAL()	55459 - 0000000000029dac - 0000000000015f68
	JAL()	55692 - 0000000000015f90 - 0000000000024ecc
	Return	56017 - 0000000000024f84 - 0000000000015f94
	Return	56426 - 0000000000016094 - 0000000000029db0
	Jump
	JAL()	56728 - 0000000000029dcc - 0000000000015f68
	JAL()	56853 - 0000000000015f90 - 0000000000024ecc
	Return	57457 - 0000000000024f44 - 0000000000015f94
	Return	57860 - 0000000000016094 - 0000000000029dd0
	Jump
	JAL()	58160 - 0000000000029dec - 0000000000015f68
	JAL()	58287 - 0000000000015f90 - 0000000000024ecc
	Return	58699 - 0000000000024f6c - 0000000000015f94
	Return	59102 - 0000000000016094 - 0000000000029df0
	Jump
	JAL()	59758 - 0000000000029e58 - 0000000000015f68
	JAL()	60003 - 0000000000015f90 - 0000000000024ecc
	Return	60509 - 0000000000024f74 - 0000000000015f94
	Return	60834 - 0000000000016094 - 0000000000029e5c
	Jump
	Return	62248 - 0000000000029fc8 - 000000000002a630
	JAL()	62821 - 000000000002a63c - 0000000000029038
	JAL()	63136 - 0000000000029060 - 0000000000047d08
	Jump
	JAL()	63362 - 0000000000047d3c - 0000000000024990
	Return	63941 - 0000000000024a9c - 0000000000047d40
	JAL()	63959 - 0000000000047d3c - 0000000000024990
	Jump
	Return	64254 - 0000000000024a9c - 0000000000047d40
	JAL()	64272 - 0000000000047d3c - 0000000000024990
	Return	64735 - 0000000000024acc - 0000000000047d40
	JAL()	64753 - 0000000000047d3c - 0000000000024990
	Jump
	Return	65036 - 0000000000024abc - 0000000000047d40
	JAL()	65054 - 0000000000047d3c - 0000000000024990
	Jump
	Return	65421 - 0000000000024abc - 0000000000047d40
	JAL()	65439 - 0000000000047d3c - 0000000000024990
	Jump
	Return	65856 - 0000000000024a9c - 0000000000047d40
	Return	65891 - 0000000000047d58 - 0000000000029064
	Return	65954 - 0000000000029088 - 000000000002a640
	Jump
	Return	66653 - 00000000000348ac - 00000000000105ec
	JAL()	66947 - 00000000000105fc - 0000000000016414
	JAL()	67150 - 0000000000016438 - 00000000000161e0
	Jump
	Return	68513 - 0000000000016310 - 000000000001643c
	Return	68569 - 0000000000016470 - 0000000000010600
	JALR	68797 - 000000000001061c - 0000000000010b00
	JALR	69284 - 0000000000010b64 - 000000000001038c
	Return	69434 - 0000000000010394 - 0000000000010b68
	JALR	69660 - 0000000000010ba8 - 000000000001044c
	JAL()	69863 - 000000000001046c - 0000000000072880
	Jump
	Return	70666 - 00000000000727d8 - 0000000000010470
	Jump
	Return	70901 - 0000000000010400 - 0000000000010bac
	Return	71139 - 0000000000010bd4 - 0000000000010620
	JAL()	71150 - 0000000000010628 - 0000000000029608
	Jump
	Return	71717 - 0000000000029670 - 000000000001062c
	JAL()	71811 - 0000000000010630 - 00000000000154b8
	Jump
	Jump
	Return	72644 - 000000000001553c - 0000000000010634
	JALR	73124 - 0000000000010660 - 00000000000102ec
	JAL()	73419 - 000000000001030c - 0000000000017330
	JAL()	73620 - 0000000000017350 - 0000000000024ecc
	Return	74235 - 0000000000024f8c - 0000000000017354
	JALR	75699 - 0000000000017408 - 000000000001aa64
	JALR	76920 - 000000000001aaec - 000000000001b5f4
	JAL()	77629 - 000000000001b798 - 000000000001c5fc
	JALR	78651 - 000000000001c68c - 0000000000045540
	JALR	79247 - 000000000004558c - 000000000001a3bc
	Jump
	Return	79658 - 0000000000027388 - 0000000000045590
	JAL()	79902 - 00000000000455c0 - 0000000000022f40
	JAL()	80635 - 0000000000022f98 - 00000000000213f8
	Jump
	Return	83891 - 0000000000021b00 - 0000000000022f9c
	Return	84430 - 0000000000023018 - 00000000000455c4
	JAL()	84553 - 00000000000455dc - 000000000001c558
	Return	85073 - 000000000001c5f8 - 00000000000455e0
	Return	85368 - 00000000000455f8 - 000000000001c690
	Return	85674 - 000000000001c660 - 000000000001b79c
	Jump
	Jump
	Return	86457 - 000000000001aee8 - 000000000001aaf0
	JAL()	86884 - 000000000001ac18 - 000000000001c744
	Jump
	Return	87958 - 000000000001c84c - 000000000001ac1c
	Jump
	Return	88228 - 000000000001ab48 - 000000000001740c
	Return	89552 - 00000000000174bc - 0000000000010310
	Jump
	JAL()	89908 - 0000000000010330 - 0000000000016b54
	JAL()	90210 - 0000000000016b8c - 0000000000037d70
	JAL()	91279 - 0000000000037dfc - 0000000000026a04
	Jump
	Jump
	Return	92092 - 0000000000026b2c - 0000000000037e00
	Jump
	Jump
	JALR	92803 - 0000000000037e4c - 000000000001aa64
	JAL()	93620 - 000000000001ab68 - 0000000000026244
	Return	94862 - 0000000000026364 - 000000000001ab6c
	Jump
	Return	95466 - 000000000001ab48 - 0000000000037e50
	JALR	96798 - 000000000003809c - 0000000000038910
	JAL()	97626 - 0000000000039584 - 0000000000024ecc
	Return	98407 - 0000000000024f7c - 0000000000039588
	Jump
	JAL()	99166 - 0000000000038ca8 - 0000000000046044
	Jump
	Jump
	JALR	100084 - 00000000000460dc - 000000000001aa64
	JAL()	100563 - 000000000001ab68 - 0000000000026244
	Return	101461 - 0000000000026364 - 000000000001ab6c
	Jump
	Return	101971 - 000000000001ab48 - 00000000000460e0
	JALR	102127 - 00000000000460dc - 000000000001aa64
	JAL()	102463 - 000000000001ab68 - 0000000000026244
	Return	106534 - 0000000000026364 - 000000000001ab6c
	Jump
	Return	107047 - 000000000001ab48 - 00000000000460e0
	JALR	107203 - 00000000000460dc - 000000000001aa64
	JAL()	107539 - 000000000001ab68 - 0000000000026244
	Return	112222 - 0000000000026364 - 000000000001ab6c
	Jump
	Return	112735 - 000000000001ab48 - 00000000000460e0
	JALR	112891 - 00000000000460dc - 000000000001aa64
	JAL()	113227 - 000000000001ab68 - 0000000000026244
	Return	117652 - 0000000000026364 - 000000000001ab6c
	Jump
	Return	118165 - 000000000001ab48 - 00000000000460e0
	JALR	118321 - 00000000000460dc - 000000000001aa64
	JAL()	118657 - 000000000001ab68 - 0000000000026244
	Return	123082 - 0000000000026364 - 000000000001ab6c
	Jump
	Return	123595 - 000000000001ab48 - 00000000000460e0
	JALR	123751 - 00000000000460dc - 000000000001aa64
	JAL()	124087 - 000000000001ab68 - 0000000000026244
	Return	125489 - 0000000000026364 - 000000000001ab6c
	Jump
	Return	126001 - 000000000001ab48 - 00000000000460e0
	JALR	126157 - 00000000000460dc - 000000000001aa64
	JAL()	126493 - 000000000001ab68 - 0000000000026244
	Return	127166 - 0000000000026364 - 000000000001ab6c
	Jump
	Return	127681 - 000000000001ab48 - 00000000000460e0
	JALR	127837 - 00000000000460dc - 000000000001aa64
	JAL()	128173 - 000000000001ab68 - 0000000000026244
	Return	128846 - 0000000000026364 - 000000000001ab6c
	Jump
	Return	129361 - 000000000001ab48 - 00000000000460e0
	JALR	129517 - 00000000000460dc - 000000000001aa64
	JAL()	129853 - 000000000001ab68 - 0000000000026244
	Return	130526 - 0000000000026364 - 000000000001ab6c
	Jump
	Return	131041 - 000000000001ab48 - 00000000000460e0
	JALR	131197 - 00000000000460dc - 000000000001aa64
	JAL()	131533 - 000000000001ab68 - 0000000000026244
	Return	132311 - 0000000000026364 - 000000000001ab6c
	Jump
	Return	132823 - 000000000001ab48 - 00000000000460e0
	JALR	132979 - 00000000000460dc - 000000000001aa64
	JAL()	133315 - 000000000001ab68 - 0000000000026244
	Return	133988 - 0000000000026364 - 000000000001ab6c
	Jump
	Return	134503 - 000000000001ab48 - 00000000000460e0
	JALR	134659 - 00000000000460dc - 000000000001aa64
	JAL()	134995 - 000000000001ab68 - 0000000000026244
	Return	135668 - 0000000000026364 - 000000000001ab6c
	Jump
	Return	136183 - 000000000001ab48 - 00000000000460e0
	JALR	136339 - 00000000000460dc - 000000000001aa64
	JAL()	136675 - 000000000001ab68 - 0000000000026244
	Return	137348 - 0000000000026364 - 000000000001ab6c
	Jump
	Return	137863 - 000000000001ab48 - 00000000000460e0
	JALR	138019 - 00000000000460dc - 000000000001aa64
	JAL()	138355 - 000000000001ab68 - 0000000000026244
	Return	139133 - 0000000000026364 - 000000000001ab6c
	Jump
	Return	139645 - 000000000001ab48 - 00000000000460e0
	JALR	139801 - 00000000000460dc - 000000000001aa64
	JAL()	140137 - 000000000001ab68 - 0000000000026244
	Return	141086 - 0000000000026364 - 000000000001ab6c
	Jump
	Return	141601 - 000000000001ab48 - 00000000000460e0
	JALR	141757 - 00000000000460dc - 000000000001aa64
	JAL()	142093 - 000000000001ab68 - 0000000000026244
	Return	142766 - 0000000000026364 - 000000000001ab6c
	Jump
	Return	143281 - 000000000001ab48 - 00000000000460e0
	JALR	143437 - 00000000000460dc - 000000000001aa64
	JAL()	143773 - 000000000001ab68 - 0000000000026244
	Return	144446 - 0000000000026364 - 000000000001ab6c
	Jump
	Return	144961 - 000000000001ab48 - 00000000000460e0
	JALR	145117 - 00000000000460dc - 000000000001aa64
	JAL()	145453 - 000000000001ab68 - 0000000000026244
	Return	146231 - 0000000000026364 - 000000000001ab6c
	Jump
	Return	146743 - 000000000001ab48 - 00000000000460e0
	JALR	146899 - 00000000000460dc - 000000000001aa64
	JAL()	147235 - 000000000001ab68 - 0000000000026244
	Return	147908 - 0000000000026364 - 000000000001ab6c
	Jump
	Return	148423 - 000000000001ab48 - 00000000000460e0
	JALR	148579 - 00000000000460dc - 000000000001aa64
	JAL()	148915 - 000000000001ab68 - 0000000000026244
	Return	149588 - 0000000000026364 - 000000000001ab6c
	Jump
	Return	150103 - 000000000001ab48 - 00000000000460e0
	JALR	150259 - 00000000000460dc - 000000000001aa64
	JAL()	150595 - 000000000001ab68 - 0000000000026244
	Return	151268 - 0000000000026364 - 000000000001ab6c
	Jump
	Return	151783 - 000000000001ab48 - 00000000000460e0
	JALR	151939 - 00000000000460dc - 000000000001aa64
	JAL()	152275 - 000000000001ab68 - 0000000000026244
	Return	153053 - 0000000000026364 - 000000000001ab6c
	Jump
	Return	153565 - 000000000001ab48 - 00000000000460e0
	JALR	153721 - 00000000000460dc - 000000000001aa64
	JAL()	154057 - 000000000001ab68 - 0000000000026244
	Return	154730 - 0000000000026364 - 000000000001ab6c
	Jump
	Return	155245 - 000000000001ab48 - 00000000000460e0
	JALR	155401 - 00000000000460dc - 000000000001aa64
	JAL()	155737 - 000000000001ab68 - 0000000000026244
	Return	156686 - 0000000000026364 - 000000000001ab6c
	Jump
	Return	157201 - 000000000001ab48 - 00000000000460e0
	JALR	157357 - 00000000000460dc - 000000000001aa64
	JAL()	157693 - 000000000001ab68 - 0000000000026244
	Return	158366 - 0000000000026364 - 000000000001ab6c
	Jump
	Return	158881 - 000000000001ab48 - 00000000000460e0
	JALR	159037 - 00000000000460dc - 000000000001aa64
	JAL()	159373 - 000000000001ab68 - 0000000000026244
	Return	160151 - 0000000000026364 - 000000000001ab6c
	Jump
	Return	160807 - 000000000001ab48 - 00000000000460e0
	JALR	160954 - 00000000000460dc - 000000000001aa64
	JAL()	161233 - 000000000001ab68 - 0000000000026244
	Return	162004 - 0000000000026364 - 000000000001ab6c
	Jump
	Return	162661 - 000000000001ab48 - 00000000000460e0
	JALR	162808 - 00000000000460dc - 000000000001aa64
	JAL()	163087 - 000000000001ab68 - 0000000000026244
	Return	163858 - 0000000000026364 - 000000000001ab6c
	Jump
	Return	164515 - 000000000001ab48 - 00000000000460e0
	JALR	164662 - 00000000000460dc - 000000000001aa64
	JAL()	164941 - 000000000001ab68 - 0000000000026244
	Return	165712 - 0000000000026364 - 000000000001ab6c
	Jump
	Return	166369 - 000000000001ab48 - 00000000000460e0
	JALR	166516 - 00000000000460dc - 000000000001aa64
	JAL()	166795 - 000000000001ab68 - 0000000000026244
	Return	167705 - 0000000000026364 - 000000000001ab6c
	Jump
	Return	168469 - 000000000001ab48 - 00000000000460e0
	JALR	168616 - 00000000000460dc - 000000000001aa64
	JAL()	168895 - 000000000001ab68 - 0000000000026244
	Return	169666 - 0000000000026364 - 000000000001ab6c
	Jump
	Return	170299 - 000000000001ab48 - 00000000000460e0
	JALR	170455 - 00000000000460dc - 000000000001aa64
	JAL()	170791 - 000000000001ab68 - 0000000000026244
	Return	171562 - 0000000000026364 - 000000000001ab6c
	Jump
	Return	172477 - 000000000001ab48 - 00000000000460e0
	JALR	172633 - 00000000000460dc - 000000000001aa64
	JAL()	172969 - 000000000001ab68 - 0000000000026244
	Return	173740 - 0000000000026364 - 000000000001ab6c
	Jump
	Return	174373 - 000000000001ab48 - 00000000000460e0
	JALR	174529 - 00000000000460dc - 000000000001aa64
	JAL()	174865 - 000000000001ab68 - 0000000000026244
	Return	175775 - 0000000000026364 - 000000000001ab6c
	Jump
	Return	176407 - 000000000001ab48 - 00000000000460e0
	JALR	176563 - 00000000000460dc - 000000000001aa64
	JAL()	176899 - 000000000001ab68 - 0000000000026244
	Return	177572 - 0000000000026364 - 000000000001ab6c
	Jump
	Return	178087 - 000000000001ab48 - 00000000000460e0
	JALR	178243 - 00000000000460dc - 000000000001aa64
	JAL()	178579 - 000000000001ab68 - 0000000000026244
	Return	179252 - 0000000000026364 - 000000000001ab6c
	Jump
	Return	179767 - 000000000001ab48 - 00000000000460e0
	JALR	179923 - 00000000000460dc - 000000000001aa64
	JAL()	180259 - 000000000001ab68 - 0000000000026244
	Return	180932 - 0000000000026364 - 000000000001ab6c
	Jump
	Return	181447 - 000000000001ab48 - 00000000000460e0
	JALR	181603 - 00000000000460dc - 000000000001aa64
	JAL()	181939 - 000000000001ab68 - 0000000000026244
	Return	182717 - 0000000000026364 - 000000000001ab6c
	Jump
	Return	183229 - 000000000001ab48 - 00000000000460e0
	JALR	183385 - 00000000000460dc - 000000000001aa64
	JAL()	183721 - 000000000001ab68 - 0000000000026244
	Return	184394 - 0000000000026364 - 000000000001ab6c
	Jump
	Return	184909 - 000000000001ab48 - 00000000000460e0
	JALR	185065 - 00000000000460dc - 000000000001aa64
	JAL()	185401 - 000000000001ab68 - 0000000000026244
	Return	186074 - 0000000000026364 - 000000000001ab6c
	Jump
	Return	186589 - 000000000001ab48 - 00000000000460e0
	JALR	186745 - 00000000000460dc - 000000000001aa64
	JAL()	187081 - 000000000001ab68 - 0000000000026244
	Return	188012 - 0000000000026364 - 000000000001ab6c
	Jump
	Return	188527 - 000000000001ab48 - 00000000000460e0
	JALR	188683 - 00000000000460dc - 000000000001aa64
	JAL()	189019 - 000000000001ab68 - 0000000000026244
	Return	189797 - 0000000000026364 - 000000000001ab6c
	Jump
	Return	190309 - 000000000001ab48 - 00000000000460e0
	JALR	190465 - 00000000000460dc - 000000000001aa64
	JAL()	190801 - 000000000001ab68 - 0000000000026244
	Return	191474 - 0000000000026364 - 000000000001ab6c
	Jump
	Return	191989 - 000000000001ab48 - 00000000000460e0
	JALR	192145 - 00000000000460dc - 000000000001aa64
	JAL()	192481 - 000000000001ab68 - 0000000000026244
	Return	193154 - 0000000000026364 - 000000000001ab6c
	Jump
	Return	193669 - 000000000001ab48 - 00000000000460e0
	JALR	193825 - 00000000000460dc - 000000000001aa64
	JAL()	194161 - 000000000001ab68 - 0000000000026244
	Return	194834 - 0000000000026364 - 000000000001ab6c
	Jump
	Return	195349 - 000000000001ab48 - 00000000000460e0
	JALR	195505 - 00000000000460dc - 000000000001aa64
	JAL()	195841 - 000000000001ab68 - 0000000000026244
	Return	196619 - 0000000000026364 - 000000000001ab6c
	Jump
	Return	197131 - 000000000001ab48 - 00000000000460e0
	JALR	197287 - 00000000000460dc - 000000000001aa64
	JAL()	197623 - 000000000001ab68 - 0000000000026244
	Return	198296 - 0000000000026364 - 000000000001ab6c
	Jump
	Return	198811 - 000000000001ab48 - 00000000000460e0
	JALR	198967 - 00000000000460dc - 000000000001aa64
	JAL()	199303 - 000000000001ab68 - 0000000000026244
	Return	199976 - 0000000000026364 - 000000000001ab6c
- top.sv:49: Verilog $finish
